{"/home/andgrande/Desktop/GoStack/apps/go-barber/appGoBarber/src/components/Button/index.tsx": {"path":"/home/andgrande/Desktop/GoStack/apps/go-barber/appGoBarber/src/components/Button/index.tsx","statementMap":{"0":{"start":{"line":10,"column":38},"end":{"line":14,"column":1}},"1":{"start":{"line":11,"column":2},"end":{"line":13,"column":14}}},"fnMap":{"0":{"name":"(anonymous_0)","decl":{"start":{"line":10,"column":38},"end":{"line":10,"column":39}},"loc":{"start":{"line":11,"column":2},"end":{"line":13,"column":14}},"line":11}},"branchMap":{},"s":{"0":1,"1":0},"f":{"0":0},"b":{},"_coverageSchema":"1a1c01bbd47fc00a2c39e90264f33305004495a9","hash":"4593cb1dd39284fdf293368951605dc9803dec02"}
,"/home/andgrande/Desktop/GoStack/apps/go-barber/appGoBarber/src/components/Input/index.tsx": {"path":"/home/andgrande/Desktop/GoStack/apps/go-barber/appGoBarber/src/components/Input/index.tsx","statementMap":{"0":{"start":{"line":29,"column":69},"end":{"line":95,"column":1}},"1":{"start":{"line":33,"column":26},"end":{"line":33,"column":43}},"2":{"start":{"line":35,"column":65},"end":{"line":35,"column":79}},"3":{"start":{"line":36,"column":24},"end":{"line":36,"column":71}},"4":{"start":{"line":38,"column":36},"end":{"line":38,"column":51}},"5":{"start":{"line":39,"column":34},"end":{"line":39,"column":49}},"6":{"start":{"line":41,"column":27},"end":{"line":43,"column":8}},"7":{"start":{"line":42,"column":4},"end":{"line":42,"column":23}},"8":{"start":{"line":45,"column":26},"end":{"line":49,"column":8}},"9":{"start":{"line":46,"column":4},"end":{"line":46,"column":24}},"10":{"start":{"line":48,"column":4},"end":{"line":48,"column":47}},"11":{"start":{"line":51,"column":2},"end":{"line":55,"column":6}},"12":{"start":{"line":51,"column":34},"end":{"line":55,"column":3}},"13":{"start":{"line":53,"column":6},"end":{"line":53,"column":38}},"14":{"start":{"line":57,"column":2},"end":{"line":72,"column":33}},"15":{"start":{"line":58,"column":4},"end":{"line":71,"column":7}},"16":{"start":{"line":64,"column":8},"end":{"line":64,"column":44}},"17":{"start":{"line":65,"column":8},"end":{"line":65,"column":64}},"18":{"start":{"line":68,"column":8},"end":{"line":68,"column":41}},"19":{"start":{"line":69,"column":8},"end":{"line":69,"column":40}},"20":{"start":{"line":74,"column":2},"end":{"line":94,"column":4}},"21":{"start":{"line":89,"column":10},"end":{"line":89,"column":46}}},"fnMap":{"0":{"name":"(anonymous_0)","decl":{"start":{"line":29,"column":69},"end":{"line":29,"column":70}},"loc":{"start":{"line":32,"column":5},"end":{"line":95,"column":1}},"line":32},"1":{"name":"(anonymous_1)","decl":{"start":{"line":41,"column":39},"end":{"line":41,"column":40}},"loc":{"start":{"line":41,"column":45},"end":{"line":43,"column":3}},"line":41},"2":{"name":"(anonymous_2)","decl":{"start":{"line":45,"column":38},"end":{"line":45,"column":39}},"loc":{"start":{"line":45,"column":44},"end":{"line":49,"column":3}},"line":45},"3":{"name":"(anonymous_3)","decl":{"start":{"line":51,"column":27},"end":{"line":51,"column":28}},"loc":{"start":{"line":51,"column":34},"end":{"line":55,"column":3}},"line":51},"4":{"name":"(anonymous_4)","decl":{"start":{"line":52,"column":4},"end":{"line":52,"column":5}},"loc":{"start":{"line":52,"column":12},"end":{"line":54,"column":5}},"line":52},"5":{"name":"(anonymous_5)","decl":{"start":{"line":57,"column":12},"end":{"line":57,"column":13}},"loc":{"start":{"line":57,"column":18},"end":{"line":72,"column":3}},"line":57},"6":{"name":"(anonymous_6)","decl":{"start":{"line":63,"column":6},"end":{"line":63,"column":7}},"loc":{"start":{"line":63,"column":32},"end":{"line":66,"column":7}},"line":63},"7":{"name":"(anonymous_7)","decl":{"start":{"line":67,"column":6},"end":{"line":67,"column":7}},"loc":{"start":{"line":67,"column":19},"end":{"line":70,"column":7}},"line":67},"8":{"name":"(anonymous_8)","decl":{"start":{"line":88,"column":22},"end":{"line":88,"column":23}},"loc":{"start":{"line":88,"column":31},"end":{"line":90,"column":9}},"line":88}},"branchMap":{"0":{"loc":{"start":{"line":30,"column":16},"end":{"line":30,"column":35}},"type":"default-arg","locations":[{"start":{"line":30,"column":33},"end":{"line":30,"column":35}}],"line":30},"1":{"loc":{"start":{"line":35,"column":43},"end":{"line":35,"column":60}},"type":"default-arg","locations":[{"start":{"line":35,"column":58},"end":{"line":35,"column":60}}],"line":35},"2":{"loc":{"start":{"line":79,"column":15},"end":{"line":79,"column":60}},"type":"cond-expr","locations":[{"start":{"line":79,"column":39},"end":{"line":79,"column":48}},{"start":{"line":79,"column":51},"end":{"line":79,"column":60}}],"line":79},"3":{"loc":{"start":{"line":79,"column":15},"end":{"line":79,"column":36}},"type":"binary-expr","locations":[{"start":{"line":79,"column":15},"end":{"line":79,"column":24}},{"start":{"line":79,"column":28},"end":{"line":79,"column":36}}],"line":79}},"s":{"0":1,"1":0,"2":0,"3":0,"4":0,"5":0,"6":0,"7":0,"8":0,"9":0,"10":0,"11":0,"12":0,"13":0,"14":0,"15":0,"16":0,"17":0,"18":0,"19":0,"20":0,"21":0},"f":{"0":0,"1":0,"2":0,"3":0,"4":0,"5":0,"6":0,"7":0,"8":0},"b":{"0":[0],"1":[0],"2":[0,0],"3":[0,0]},"_coverageSchema":"1a1c01bbd47fc00a2c39e90264f33305004495a9","hash":"67403637fbc3f7e5333713e023fc30d85ae54224"}
,"/home/andgrande/Desktop/GoStack/apps/go-barber/appGoBarber/src/pages/AppointmentCreated/index.tsx": {"path":"/home/andgrande/Desktop/GoStack/apps/go-barber/appGoBarber/src/pages/AppointmentCreated/index.tsx","statementMap":{"0":{"start":{"line":18,"column":37},"end":{"line":52,"column":1}},"1":{"start":{"line":19,"column":21},"end":{"line":19,"column":31}},"2":{"start":{"line":20,"column":22},"end":{"line":20,"column":43}},"3":{"start":{"line":21,"column":20},"end":{"line":21,"column":35}},"4":{"start":{"line":23,"column":26},"end":{"line":28,"column":13}},"5":{"start":{"line":24,"column":4},"end":{"line":27,"column":7}},"6":{"start":{"line":30,"column":24},"end":{"line":38,"column":24}},"7":{"start":{"line":31,"column":4},"end":{"line":37,"column":6}},"8":{"start":{"line":40,"column":2},"end":{"line":51,"column":4}}},"fnMap":{"0":{"name":"(anonymous_0)","decl":{"start":{"line":18,"column":37},"end":{"line":18,"column":38}},"loc":{"start":{"line":18,"column":43},"end":{"line":52,"column":1}},"line":18},"1":{"name":"(anonymous_1)","decl":{"start":{"line":23,"column":38},"end":{"line":23,"column":39}},"loc":{"start":{"line":23,"column":44},"end":{"line":28,"column":3}},"line":23},"2":{"name":"(anonymous_2)","decl":{"start":{"line":30,"column":32},"end":{"line":30,"column":33}},"loc":{"start":{"line":30,"column":38},"end":{"line":38,"column":3}},"line":30}},"branchMap":{},"s":{"0":0,"1":0,"2":0,"3":0,"4":0,"5":0,"6":0,"7":0,"8":0},"f":{"0":0,"1":0,"2":0},"b":{}}
,"/home/andgrande/Desktop/GoStack/apps/go-barber/appGoBarber/src/pages/CreateAppointment/index.tsx": {"path":"/home/andgrande/Desktop/GoStack/apps/go-barber/appGoBarber/src/pages/CreateAppointment/index.tsx","statementMap":{"0":{"start":{"line":54,"column":36},"end":{"line":267,"column":1}},"1":{"start":{"line":55,"column":19},"end":{"line":55,"column":28}},"2":{"start":{"line":56,"column":21},"end":{"line":56,"column":36}},"3":{"start":{"line":57,"column":36},"end":{"line":57,"column":60}},"4":{"start":{"line":58,"column":21},"end":{"line":58,"column":36}},"5":{"start":{"line":59,"column":16},"end":{"line":59,"column":26}},"6":{"start":{"line":60,"column":22},"end":{"line":60,"column":49}},"7":{"start":{"line":61,"column":42},"end":{"line":61,"column":73}},"8":{"start":{"line":62,"column":46},"end":{"line":62,"column":61}},"9":{"start":{"line":63,"column":42},"end":{"line":63,"column":62}},"10":{"start":{"line":64,"column":42},"end":{"line":64,"column":53}},"11":{"start":{"line":65,"column":50},"end":{"line":67,"column":3}},"12":{"start":{"line":69,"column":2},"end":{"line":79,"column":9}},"13":{"start":{"line":71,"column":6},"end":{"line":75,"column":7}},"14":{"start":{"line":72,"column":8},"end":{"line":72,"column":76}},"15":{"start":{"line":72,"column":47},"end":{"line":72,"column":74}},"16":{"start":{"line":74,"column":8},"end":{"line":74,"column":25}},"17":{"start":{"line":78,"column":4},"end":{"line":78,"column":19}},"18":{"start":{"line":81,"column":2},"end":{"line":98,"column":39}},"19":{"start":{"line":83,"column":6},"end":{"line":94,"column":11}},"20":{"start":{"line":92,"column":10},"end":{"line":92,"column":41}},"21":{"start":{"line":93,"column":10},"end":{"line":93,"column":29}},"22":{"start":{"line":97,"column":4},"end":{"line":97,"column":22}},"23":{"start":{"line":100,"column":31},"end":{"line":102,"column":8}},"24":{"start":{"line":101,"column":4},"end":{"line":101,"column":36}},"25":{"start":{"line":104,"column":33},"end":{"line":106,"column":8}},"26":{"start":{"line":105,"column":4},"end":{"line":105,"column":39}},"27":{"start":{"line":105,"column":31},"end":{"line":105,"column":37}},"28":{"start":{"line":108,"column":28},"end":{"line":119,"column":3}},"29":{"start":{"line":110,"column":6},"end":{"line":112,"column":7}},"30":{"start":{"line":111,"column":8},"end":{"line":111,"column":33}},"31":{"start":{"line":114,"column":6},"end":{"line":116,"column":7}},"32":{"start":{"line":115,"column":8},"end":{"line":115,"column":30}},"33":{"start":{"line":121,"column":34},"end":{"line":140,"column":64}},"34":{"start":{"line":122,"column":4},"end":{"line":139,"column":5}},"35":{"start":{"line":123,"column":19},"end":{"line":123,"column":41}},"36":{"start":{"line":125,"column":6},"end":{"line":125,"column":34}},"37":{"start":{"line":126,"column":6},"end":{"line":126,"column":25}},"38":{"start":{"line":128,"column":6},"end":{"line":131,"column":9}},"39":{"start":{"line":133,"column":6},"end":{"line":133,"column":74}},"40":{"start":{"line":135,"column":6},"end":{"line":138,"column":8}},"41":{"start":{"line":142,"column":30},"end":{"line":150,"column":20}},"42":{"start":{"line":143,"column":4},"end":{"line":149,"column":10}},"43":{"start":{"line":144,"column":28},"end":{"line":144,"column":37}},"44":{"start":{"line":145,"column":37},"end":{"line":149,"column":7}},"45":{"start":{"line":152,"column":32},"end":{"line":160,"column":20}},"46":{"start":{"line":153,"column":4},"end":{"line":159,"column":10}},"47":{"start":{"line":154,"column":28},"end":{"line":154,"column":38}},"48":{"start":{"line":155,"column":37},"end":{"line":159,"column":7}},"49":{"start":{"line":162,"column":2},"end":{"line":266,"column":4}},"50":{"start":{"line":165,"column":35},"end":{"line":165,"column":43}},"51":{"start":{"line":179,"column":36},"end":{"line":179,"column":47}},"52":{"start":{"line":181,"column":12},"end":{"line":195,"column":32}},"53":{"start":{"line":183,"column":16},"end":{"line":183,"column":50}},"54":{"start":{"line":228,"column":14},"end":{"line":237,"column":21}},"55":{"start":{"line":231,"column":31},"end":{"line":231,"column":52}},"56":{"start":{"line":247,"column":14},"end":{"line":256,"column":21}},"57":{"start":{"line":250,"column":31},"end":{"line":250,"column":52}}},"fnMap":{"0":{"name":"(anonymous_0)","decl":{"start":{"line":54,"column":36},"end":{"line":54,"column":37}},"loc":{"start":{"line":54,"column":42},"end":{"line":267,"column":1}},"line":54},"1":{"name":"(anonymous_1)","decl":{"start":{"line":69,"column":12},"end":{"line":69,"column":13}},"loc":{"start":{"line":69,"column":18},"end":{"line":79,"column":3}},"line":69},"2":{"name":"getProviders","decl":{"start":{"line":70,"column":19},"end":{"line":70,"column":31}},"loc":{"start":{"line":70,"column":34},"end":{"line":76,"column":5}},"line":70},"3":{"name":"(anonymous_3)","decl":{"start":{"line":72,"column":35},"end":{"line":72,"column":36}},"loc":{"start":{"line":72,"column":47},"end":{"line":72,"column":74}},"line":72},"4":{"name":"(anonymous_4)","decl":{"start":{"line":81,"column":12},"end":{"line":81,"column":13}},"loc":{"start":{"line":81,"column":18},"end":{"line":98,"column":3}},"line":81},"5":{"name":"getAvailability","decl":{"start":{"line":82,"column":19},"end":{"line":82,"column":34}},"loc":{"start":{"line":82,"column":37},"end":{"line":95,"column":5}},"line":82},"6":{"name":"(anonymous_6)","decl":{"start":{"line":91,"column":14},"end":{"line":91,"column":15}},"loc":{"start":{"line":91,"column":26},"end":{"line":94,"column":9}},"line":91},"7":{"name":"(anonymous_7)","decl":{"start":{"line":100,"column":43},"end":{"line":100,"column":44}},"loc":{"start":{"line":100,"column":67},"end":{"line":102,"column":3}},"line":100},"8":{"name":"(anonymous_8)","decl":{"start":{"line":104,"column":45},"end":{"line":104,"column":46}},"loc":{"start":{"line":104,"column":51},"end":{"line":106,"column":3}},"line":104},"9":{"name":"(anonymous_9)","decl":{"start":{"line":105,"column":22},"end":{"line":105,"column":23}},"loc":{"start":{"line":105,"column":31},"end":{"line":105,"column":37}},"line":105},"10":{"name":"(anonymous_10)","decl":{"start":{"line":109,"column":4},"end":{"line":109,"column":5}},"loc":{"start":{"line":109,"column":44},"end":{"line":117,"column":5}},"line":109},"11":{"name":"(anonymous_11)","decl":{"start":{"line":121,"column":46},"end":{"line":121,"column":47}},"loc":{"start":{"line":121,"column":58},"end":{"line":140,"column":3}},"line":121},"12":{"name":"(anonymous_12)","decl":{"start":{"line":142,"column":38},"end":{"line":142,"column":39}},"loc":{"start":{"line":142,"column":44},"end":{"line":150,"column":3}},"line":142},"13":{"name":"(anonymous_13)","decl":{"start":{"line":144,"column":14},"end":{"line":144,"column":15}},"loc":{"start":{"line":144,"column":28},"end":{"line":144,"column":37}},"line":144},"14":{"name":"(anonymous_14)","decl":{"start":{"line":145,"column":11},"end":{"line":145,"column":12}},"loc":{"start":{"line":145,"column":37},"end":{"line":149,"column":7}},"line":145},"15":{"name":"(anonymous_15)","decl":{"start":{"line":152,"column":40},"end":{"line":152,"column":41}},"loc":{"start":{"line":152,"column":46},"end":{"line":160,"column":3}},"line":152},"16":{"name":"(anonymous_16)","decl":{"start":{"line":154,"column":14},"end":{"line":154,"column":15}},"loc":{"start":{"line":154,"column":28},"end":{"line":154,"column":38}},"line":154},"17":{"name":"(anonymous_17)","decl":{"start":{"line":155,"column":11},"end":{"line":155,"column":12}},"loc":{"start":{"line":155,"column":37},"end":{"line":159,"column":7}},"line":155},"18":{"name":"(anonymous_18)","decl":{"start":{"line":165,"column":29},"end":{"line":165,"column":30}},"loc":{"start":{"line":165,"column":35},"end":{"line":165,"column":43}},"line":165},"19":{"name":"(anonymous_19)","decl":{"start":{"line":179,"column":24},"end":{"line":179,"column":25}},"loc":{"start":{"line":179,"column":36},"end":{"line":179,"column":47}},"line":179},"20":{"name":"(anonymous_20)","decl":{"start":{"line":180,"column":22},"end":{"line":180,"column":23}},"loc":{"start":{"line":181,"column":12},"end":{"line":195,"column":32}},"line":181},"21":{"name":"(anonymous_21)","decl":{"start":{"line":182,"column":23},"end":{"line":182,"column":24}},"loc":{"start":{"line":182,"column":29},"end":{"line":184,"column":15}},"line":182},"22":{"name":"(anonymous_22)","decl":{"start":{"line":227,"column":37},"end":{"line":227,"column":38}},"loc":{"start":{"line":228,"column":14},"end":{"line":237,"column":21}},"line":228},"23":{"name":"(anonymous_23)","decl":{"start":{"line":231,"column":25},"end":{"line":231,"column":26}},"loc":{"start":{"line":231,"column":31},"end":{"line":231,"column":52}},"line":231},"24":{"name":"(anonymous_24)","decl":{"start":{"line":246,"column":39},"end":{"line":246,"column":40}},"loc":{"start":{"line":247,"column":14},"end":{"line":256,"column":21}},"line":247},"25":{"name":"(anonymous_25)","decl":{"start":{"line":250,"column":25},"end":{"line":250,"column":26}},"loc":{"start":{"line":250,"column":31},"end":{"line":250,"column":52}},"line":250}},"branchMap":{"0":{"loc":{"start":{"line":110,"column":6},"end":{"line":112,"column":7}},"type":"if","locations":[{"start":{"line":110,"column":6},"end":{"line":112,"column":7}},{"start":{"line":110,"column":6},"end":{"line":112,"column":7}}],"line":110},"1":{"loc":{"start":{"line":114,"column":6},"end":{"line":116,"column":7}},"type":"if","locations":[{"start":{"line":114,"column":6},"end":{"line":116,"column":7}},{"start":{"line":114,"column":6},"end":{"line":116,"column":7}}],"line":114},"2":{"loc":{"start":{"line":189,"column":18},"end":{"line":189,"column":78}},"type":"cond-expr","locations":[{"start":{"line":189,"column":40},"end":{"line":189,"column":68}},{"start":{"line":189,"column":71},"end":{"line":189,"column":78}}],"line":189},"3":{"loc":{"start":{"line":209,"column":9},"end":{"line":217,"column":9}},"type":"binary-expr","locations":[{"start":{"line":209,"column":9},"end":{"line":209,"column":23}},{"start":{"line":210,"column":10},"end":{"line":216,"column":12}}],"line":209},"4":{"loc":{"start":{"line":211,"column":17},"end":{"line":211,"column":66}},"type":"binary-expr","locations":[{"start":{"line":211,"column":17},"end":{"line":211,"column":38}},{"start":{"line":211,"column":42},"end":{"line":211,"column":66}}],"line":211},"5":{"loc":{"start":{"line":213,"column":21},"end":{"line":213,"column":71}},"type":"cond-expr","locations":[{"start":{"line":213,"column":49},"end":{"line":213,"column":59}},{"start":{"line":213,"column":62},"end":{"line":213,"column":71}}],"line":213}},"s":{"0":0,"1":0,"2":0,"3":0,"4":0,"5":0,"6":0,"7":0,"8":0,"9":0,"10":0,"11":0,"12":0,"13":0,"14":0,"15":0,"16":0,"17":0,"18":0,"19":0,"20":0,"21":0,"22":0,"23":0,"24":0,"25":0,"26":0,"27":0,"28":0,"29":0,"30":0,"31":0,"32":0,"33":0,"34":0,"35":0,"36":0,"37":0,"38":0,"39":0,"40":0,"41":0,"42":0,"43":0,"44":0,"45":0,"46":0,"47":0,"48":0,"49":0,"50":0,"51":0,"52":0,"53":0,"54":0,"55":0,"56":0,"57":0},"f":{"0":0,"1":0,"2":0,"3":0,"4":0,"5":0,"6":0,"7":0,"8":0,"9":0,"10":0,"11":0,"12":0,"13":0,"14":0,"15":0,"16":0,"17":0,"18":0,"19":0,"20":0,"21":0,"22":0,"23":0,"24":0,"25":0},"b":{"0":[0,0],"1":[0,0],"2":[0,0],"3":[0,0],"4":[0,0],"5":[0,0]}}
,"/home/andgrande/Desktop/GoStack/apps/go-barber/appGoBarber/src/pages/Dashboard/index.tsx": {"path":"/home/andgrande/Desktop/GoStack/apps/go-barber/appGoBarber/src/pages/Dashboard/index.tsx","statementMap":{"0":{"start":{"line":34,"column":28},"end":{"line":110,"column":1}},"1":{"start":{"line":35,"column":36},"end":{"line":35,"column":60}},"2":{"start":{"line":36,"column":28},"end":{"line":36,"column":37}},"3":{"start":{"line":38,"column":23},"end":{"line":38,"column":38}},"4":{"start":{"line":40,"column":2},"end":{"line":52,"column":9}},"5":{"start":{"line":42,"column":6},"end":{"line":48,"column":7}},"6":{"start":{"line":43,"column":25},"end":{"line":43,"column":52}},"7":{"start":{"line":45,"column":8},"end":{"line":45,"column":36}},"8":{"start":{"line":47,"column":8},"end":{"line":47,"column":25}},"9":{"start":{"line":51,"column":4},"end":{"line":51,"column":19}},"10":{"start":{"line":54,"column":28},"end":{"line":56,"column":16}},"11":{"start":{"line":55,"column":4},"end":{"line":55,"column":24}},"12":{"start":{"line":58,"column":38},"end":{"line":63,"column":3}},"13":{"start":{"line":60,"column":6},"end":{"line":60,"column":52}},"14":{"start":{"line":65,"column":2},"end":{"line":109,"column":4}},"15":{"start":{"line":82,"column":34},"end":{"line":82,"column":45}},"16":{"start":{"line":84,"column":10},"end":{"line":101,"column":30}},"17":{"start":{"line":85,"column":27},"end":{"line":85,"column":67}}},"fnMap":{"0":{"name":"(anonymous_0)","decl":{"start":{"line":34,"column":28},"end":{"line":34,"column":29}},"loc":{"start":{"line":34,"column":34},"end":{"line":110,"column":1}},"line":34},"1":{"name":"(anonymous_1)","decl":{"start":{"line":40,"column":12},"end":{"line":40,"column":13}},"loc":{"start":{"line":40,"column":18},"end":{"line":52,"column":3}},"line":40},"2":{"name":"getProviders","decl":{"start":{"line":41,"column":19},"end":{"line":41,"column":31}},"loc":{"start":{"line":41,"column":34},"end":{"line":49,"column":5}},"line":41},"3":{"name":"(anonymous_3)","decl":{"start":{"line":54,"column":40},"end":{"line":54,"column":41}},"loc":{"start":{"line":54,"column":46},"end":{"line":56,"column":3}},"line":54},"4":{"name":"(anonymous_4)","decl":{"start":{"line":59,"column":4},"end":{"line":59,"column":5}},"loc":{"start":{"line":59,"column":28},"end":{"line":61,"column":5}},"line":59},"5":{"name":"(anonymous_5)","decl":{"start":{"line":82,"column":22},"end":{"line":82,"column":23}},"loc":{"start":{"line":82,"column":34},"end":{"line":82,"column":45}},"line":82},"6":{"name":"(anonymous_6)","decl":{"start":{"line":83,"column":20},"end":{"line":83,"column":21}},"loc":{"start":{"line":84,"column":10},"end":{"line":101,"column":30}},"line":84},"7":{"name":"(anonymous_7)","decl":{"start":{"line":85,"column":21},"end":{"line":85,"column":22}},"loc":{"start":{"line":85,"column":27},"end":{"line":85,"column":67}},"line":85}},"branchMap":{},"s":{"0":0,"1":0,"2":0,"3":0,"4":0,"5":0,"6":0,"7":0,"8":0,"9":0,"10":0,"11":0,"12":0,"13":0,"14":0,"15":0,"16":0,"17":0},"f":{"0":0,"1":0,"2":0,"3":0,"4":0,"5":0,"6":0,"7":0},"b":{}}
,"/home/andgrande/Desktop/GoStack/apps/go-barber/appGoBarber/src/pages/Profile/index.tsx": {"path":"/home/andgrande/Desktop/GoStack/apps/go-barber/appGoBarber/src/pages/Profile/index.tsx","statementMap":{"0":{"start":{"line":41,"column":26},"end":{"line":228,"column":1}},"1":{"start":{"line":42,"column":31},"end":{"line":42,"column":40}},"2":{"start":{"line":43,"column":18},"end":{"line":43,"column":43}},"3":{"start":{"line":44,"column":21},"end":{"line":44,"column":36}},"4":{"start":{"line":46,"column":24},"end":{"line":46,"column":47}},"5":{"start":{"line":47,"column":27},"end":{"line":47,"column":50}},"6":{"start":{"line":48,"column":30},"end":{"line":48,"column":53}},"7":{"start":{"line":49,"column":34},"end":{"line":49,"column":57}},"8":{"start":{"line":51,"column":28},"end":{"line":124,"column":3}},"9":{"start":{"line":53,"column":6},"end":{"line":121,"column":7}},"10":{"start":{"line":54,"column":8},"end":{"line":54,"column":39}},"11":{"start":{"line":56,"column":23},"end":{"line":74,"column":10}},"12":{"start":{"line":63,"column":23},"end":{"line":63,"column":35}},"13":{"start":{"line":69,"column":25},"end":{"line":69,"column":37}},"14":{"start":{"line":76,"column":8},"end":{"line":78,"column":11}},"15":{"start":{"line":86,"column":12},"end":{"line":86,"column":16}},"16":{"start":{"line":88,"column":25},"end":{"line":98,"column":9}},"17":{"start":{"line":100,"column":25},"end":{"line":100,"column":59}},"18":{"start":{"line":102,"column":8},"end":{"line":102,"column":34}},"19":{"start":{"line":104,"column":8},"end":{"line":107,"column":10}},"20":{"start":{"line":109,"column":8},"end":{"line":115,"column":9}},"21":{"start":{"line":110,"column":25},"end":{"line":110,"column":49}},"22":{"start":{"line":112,"column":10},"end":{"line":112,"column":45}},"23":{"start":{"line":114,"column":10},"end":{"line":114,"column":17}},"24":{"start":{"line":117,"column":8},"end":{"line":120,"column":10}},"25":{"start":{"line":126,"column":29},"end":{"line":129,"column":8}},"26":{"start":{"line":131,"column":23},"end":{"line":133,"column":18}},"27":{"start":{"line":132,"column":4},"end":{"line":132,"column":24}},"28":{"start":{"line":135,"column":2},"end":{"line":227,"column":4}},"29":{"start":{"line":167,"column":18},"end":{"line":167,"column":49}},"30":{"start":{"line":181,"column":18},"end":{"line":181,"column":52}},"31":{"start":{"line":194,"column":39},"end":{"line":194,"column":75}},"32":{"start":{"line":205,"column":39},"end":{"line":205,"column":79}},"33":{"start":{"line":216,"column":39},"end":{"line":216,"column":68}},"34":{"start":{"line":219,"column":37},"end":{"line":219,"column":66}}},"fnMap":{"0":{"name":"(anonymous_0)","decl":{"start":{"line":41,"column":26},"end":{"line":41,"column":27}},"loc":{"start":{"line":41,"column":32},"end":{"line":228,"column":1}},"line":41},"1":{"name":"(anonymous_1)","decl":{"start":{"line":52,"column":4},"end":{"line":52,"column":5}},"loc":{"start":{"line":52,"column":37},"end":{"line":122,"column":5}},"line":52},"2":{"name":"(anonymous_2)","decl":{"start":{"line":63,"column":16},"end":{"line":63,"column":17}},"loc":{"start":{"line":63,"column":23},"end":{"line":63,"column":35}},"line":63},"3":{"name":"(anonymous_3)","decl":{"start":{"line":69,"column":18},"end":{"line":69,"column":19}},"loc":{"start":{"line":69,"column":25},"end":{"line":69,"column":37}},"line":69},"4":{"name":"(anonymous_4)","decl":{"start":{"line":126,"column":41},"end":{"line":126,"column":42}},"loc":{"start":{"line":126,"column":47},"end":{"line":129,"column":3}},"line":126},"5":{"name":"(anonymous_5)","decl":{"start":{"line":131,"column":35},"end":{"line":131,"column":36}},"loc":{"start":{"line":131,"column":41},"end":{"line":133,"column":3}},"line":131},"6":{"name":"(anonymous_6)","decl":{"start":{"line":166,"column":33},"end":{"line":166,"column":34}},"loc":{"start":{"line":166,"column":39},"end":{"line":168,"column":17}},"line":166},"7":{"name":"(anonymous_7)","decl":{"start":{"line":180,"column":33},"end":{"line":180,"column":34}},"loc":{"start":{"line":180,"column":39},"end":{"line":182,"column":17}},"line":180},"8":{"name":"(anonymous_8)","decl":{"start":{"line":194,"column":33},"end":{"line":194,"column":34}},"loc":{"start":{"line":194,"column":39},"end":{"line":194,"column":75}},"line":194},"9":{"name":"(anonymous_9)","decl":{"start":{"line":205,"column":33},"end":{"line":205,"column":34}},"loc":{"start":{"line":205,"column":39},"end":{"line":205,"column":79}},"line":205},"10":{"name":"(anonymous_10)","decl":{"start":{"line":216,"column":33},"end":{"line":216,"column":34}},"loc":{"start":{"line":216,"column":39},"end":{"line":216,"column":68}},"line":216},"11":{"name":"(anonymous_11)","decl":{"start":{"line":219,"column":31},"end":{"line":219,"column":32}},"loc":{"start":{"line":219,"column":37},"end":{"line":219,"column":66}},"line":219}},"branchMap":{"0":{"loc":{"start":{"line":91,"column":14},"end":{"line":97,"column":16}},"type":"cond-expr","locations":[{"start":{"line":92,"column":14},"end":{"line":96,"column":15}},{"start":{"line":97,"column":14},"end":{"line":97,"column":16}}],"line":91},"1":{"loc":{"start":{"line":109,"column":8},"end":{"line":115,"column":9}},"type":"if","locations":[{"start":{"line":109,"column":8},"end":{"line":115,"column":9}},{"start":{"line":109,"column":8},"end":{"line":115,"column":9}}],"line":109},"2":{"loc":{"start":{"line":139,"column":18},"end":{"line":139,"column":63}},"type":"cond-expr","locations":[{"start":{"line":139,"column":42},"end":{"line":139,"column":51}},{"start":{"line":139,"column":54},"end":{"line":139,"column":63}}],"line":139}},"s":{"0":0,"1":0,"2":0,"3":0,"4":0,"5":0,"6":0,"7":0,"8":0,"9":0,"10":0,"11":0,"12":0,"13":0,"14":0,"15":0,"16":0,"17":0,"18":0,"19":0,"20":0,"21":0,"22":0,"23":0,"24":0,"25":0,"26":0,"27":0,"28":0,"29":0,"30":0,"31":0,"32":0,"33":0,"34":0},"f":{"0":0,"1":0,"2":0,"3":0,"4":0,"5":0,"6":0,"7":0,"8":0,"9":0,"10":0,"11":0},"b":{"0":[0,0],"1":[0,0],"2":[0,0]}}
,"/home/andgrande/Desktop/GoStack/apps/go-barber/appGoBarber/src/pages/SignIn/index.tsx": {"path":"/home/andgrande/Desktop/GoStack/apps/go-barber/appGoBarber/src/pages/SignIn/index.tsx","statementMap":{"0":{"start":{"line":40,"column":25},"end":{"line":166,"column":1}},"1":{"start":{"line":41,"column":23},"end":{"line":41,"column":38}},"2":{"start":{"line":44,"column":21},"end":{"line":44,"column":30}},"3":{"start":{"line":46,"column":18},"end":{"line":46,"column":43}},"4":{"start":{"line":47,"column":27},"end":{"line":47,"column":50}},"5":{"start":{"line":49,"column":23},"end":{"line":94,"column":3}},"6":{"start":{"line":51,"column":6},"end":{"line":91,"column":7}},"7":{"start":{"line":52,"column":8},"end":{"line":52,"column":39}},"8":{"start":{"line":54,"column":23},"end":{"line":59,"column":10}},"9":{"start":{"line":61,"column":8},"end":{"line":63,"column":11}},"10":{"start":{"line":65,"column":8},"end":{"line":68,"column":11}},"11":{"start":{"line":72,"column":8},"end":{"line":72,"column":26}},"12":{"start":{"line":74,"column":8},"end":{"line":88,"column":9}},"13":{"start":{"line":75,"column":24},"end":{"line":75,"column":48}},"14":{"start":{"line":76,"column":10},"end":{"line":76,"column":44}},"15":{"start":{"line":87,"column":10},"end":{"line":87,"column":17}},"16":{"start":{"line":90,"column":8},"end":{"line":90,"column":58}},"17":{"start":{"line":96,"column":2},"end":{"line":165,"column":4}},"18":{"start":{"line":127,"column":18},"end":{"line":127,"column":52}},"19":{"start":{"line":138,"column":18},"end":{"line":138,"column":48}},"20":{"start":{"line":144,"column":18},"end":{"line":144,"column":48}},"21":{"start":{"line":151,"column":49},"end":{"line":151,"column":70}},"22":{"start":{"line":160,"column":42},"end":{"line":160,"column":60}}},"fnMap":{"0":{"name":"(anonymous_0)","decl":{"start":{"line":40,"column":25},"end":{"line":40,"column":26}},"loc":{"start":{"line":40,"column":31},"end":{"line":166,"column":1}},"line":40},"1":{"name":"(anonymous_1)","decl":{"start":{"line":50,"column":4},"end":{"line":50,"column":5}},"loc":{"start":{"line":50,"column":36},"end":{"line":92,"column":5}},"line":50},"2":{"name":"(anonymous_2)","decl":{"start":{"line":126,"column":33},"end":{"line":126,"column":34}},"loc":{"start":{"line":126,"column":39},"end":{"line":128,"column":17}},"line":126},"3":{"name":"(anonymous_3)","decl":{"start":{"line":137,"column":33},"end":{"line":137,"column":34}},"loc":{"start":{"line":137,"column":39},"end":{"line":139,"column":17}},"line":137},"4":{"name":"(anonymous_4)","decl":{"start":{"line":143,"column":25},"end":{"line":143,"column":26}},"loc":{"start":{"line":143,"column":31},"end":{"line":145,"column":17}},"line":143},"5":{"name":"(anonymous_5)","decl":{"start":{"line":151,"column":43},"end":{"line":151,"column":44}},"loc":{"start":{"line":151,"column":49},"end":{"line":151,"column":70}},"line":151},"6":{"name":"(anonymous_6)","decl":{"start":{"line":160,"column":36},"end":{"line":160,"column":37}},"loc":{"start":{"line":160,"column":42},"end":{"line":160,"column":60}},"line":160}},"branchMap":{"0":{"loc":{"start":{"line":74,"column":8},"end":{"line":88,"column":9}},"type":"if","locations":[{"start":{"line":74,"column":8},"end":{"line":88,"column":9}},{"start":{"line":74,"column":8},"end":{"line":88,"column":9}}],"line":74},"1":{"loc":{"start":{"line":100,"column":18},"end":{"line":100,"column":63}},"type":"cond-expr","locations":[{"start":{"line":100,"column":42},"end":{"line":100,"column":51}},{"start":{"line":100,"column":54},"end":{"line":100,"column":63}}],"line":100}},"s":{"0":1,"1":1,"2":0,"3":0,"4":0,"5":0,"6":0,"7":0,"8":0,"9":0,"10":0,"11":0,"12":0,"13":0,"14":0,"15":0,"16":0,"17":0,"18":0,"19":0,"20":0,"21":0,"22":0},"f":{"0":1,"1":0,"2":0,"3":0,"4":0,"5":0,"6":0},"b":{"0":[0,0],"1":[0,0]},"_coverageSchema":"1a1c01bbd47fc00a2c39e90264f33305004495a9","hash":"4580cb383f63e96bb2e0c0bcd4f111136e3ab1b0"}
,"/home/andgrande/Desktop/GoStack/apps/go-barber/appGoBarber/src/pages/SignUp/index.tsx": {"path":"/home/andgrande/Desktop/GoStack/apps/go-barber/appGoBarber/src/pages/SignUp/index.tsx","statementMap":{"0":{"start":{"line":40,"column":25},"end":{"line":177,"column":1}},"1":{"start":{"line":41,"column":31},"end":{"line":41,"column":46}},"2":{"start":{"line":43,"column":18},"end":{"line":43,"column":43}},"3":{"start":{"line":44,"column":24},"end":{"line":44,"column":47}},"4":{"start":{"line":45,"column":27},"end":{"line":45,"column":50}},"5":{"start":{"line":47,"column":23},"end":{"line":100,"column":3}},"6":{"start":{"line":49,"column":6},"end":{"line":49,"column":24}},"7":{"start":{"line":52,"column":6},"end":{"line":97,"column":7}},"8":{"start":{"line":53,"column":8},"end":{"line":53,"column":39}},"9":{"start":{"line":54,"column":23},"end":{"line":63,"column":10}},"10":{"start":{"line":65,"column":8},"end":{"line":67,"column":11}},"11":{"start":{"line":69,"column":8},"end":{"line":69,"column":39}},"12":{"start":{"line":71,"column":8},"end":{"line":74,"column":10}},"13":{"start":{"line":76,"column":8},"end":{"line":76,"column":17}},"14":{"start":{"line":78,"column":8},"end":{"line":92,"column":9}},"15":{"start":{"line":79,"column":24},"end":{"line":79,"column":48}},"16":{"start":{"line":80,"column":10},"end":{"line":80,"column":44}},"17":{"start":{"line":91,"column":10},"end":{"line":91,"column":17}},"18":{"start":{"line":94,"column":8},"end":{"line":94,"column":25}},"19":{"start":{"line":96,"column":8},"end":{"line":96,"column":61}},"20":{"start":{"line":102,"column":2},"end":{"line":176,"column":4}},"21":{"start":{"line":131,"column":18},"end":{"line":131,"column":49}},"22":{"start":{"line":144,"column":18},"end":{"line":144,"column":52}},"23":{"start":{"line":156,"column":18},"end":{"line":156,"column":48}},"24":{"start":{"line":162,"column":18},"end":{"line":162,"column":48}},"25":{"start":{"line":171,"column":41},"end":{"line":171,"column":59}}},"fnMap":{"0":{"name":"(anonymous_0)","decl":{"start":{"line":40,"column":25},"end":{"line":40,"column":26}},"loc":{"start":{"line":40,"column":31},"end":{"line":177,"column":1}},"line":40},"1":{"name":"(anonymous_1)","decl":{"start":{"line":48,"column":4},"end":{"line":48,"column":5}},"loc":{"start":{"line":48,"column":52},"end":{"line":98,"column":5}},"line":48},"2":{"name":"(anonymous_2)","decl":{"start":{"line":130,"column":33},"end":{"line":130,"column":34}},"loc":{"start":{"line":130,"column":39},"end":{"line":132,"column":17}},"line":130},"3":{"name":"(anonymous_3)","decl":{"start":{"line":143,"column":33},"end":{"line":143,"column":34}},"loc":{"start":{"line":143,"column":39},"end":{"line":145,"column":17}},"line":143},"4":{"name":"(anonymous_4)","decl":{"start":{"line":155,"column":33},"end":{"line":155,"column":34}},"loc":{"start":{"line":155,"column":39},"end":{"line":157,"column":17}},"line":155},"5":{"name":"(anonymous_5)","decl":{"start":{"line":161,"column":25},"end":{"line":161,"column":26}},"loc":{"start":{"line":161,"column":31},"end":{"line":163,"column":17}},"line":161},"6":{"name":"(anonymous_6)","decl":{"start":{"line":171,"column":35},"end":{"line":171,"column":36}},"loc":{"start":{"line":171,"column":41},"end":{"line":171,"column":59}},"line":171}},"branchMap":{"0":{"loc":{"start":{"line":78,"column":8},"end":{"line":92,"column":9}},"type":"if","locations":[{"start":{"line":78,"column":8},"end":{"line":92,"column":9}},{"start":{"line":78,"column":8},"end":{"line":92,"column":9}}],"line":78},"1":{"loc":{"start":{"line":106,"column":18},"end":{"line":106,"column":63}},"type":"cond-expr","locations":[{"start":{"line":106,"column":42},"end":{"line":106,"column":51}},{"start":{"line":106,"column":54},"end":{"line":106,"column":63}}],"line":106}},"s":{"0":0,"1":0,"2":0,"3":0,"4":0,"5":0,"6":0,"7":0,"8":0,"9":0,"10":0,"11":0,"12":0,"13":0,"14":0,"15":0,"16":0,"17":0,"18":0,"19":0,"20":0,"21":0,"22":0,"23":0,"24":0,"25":0},"f":{"0":0,"1":0,"2":0,"3":0,"4":0,"5":0,"6":0},"b":{"0":[0,0],"1":[0,0]}}
}
