TN:
SF:src/components/Button/index.tsx
FN:10,(anonymous_0)
FNF:1
FNH:0
FNDA:0,(anonymous_0)
DA:10,1
DA:11,0
LF:2
LH:1
BRF:0
BRH:0
end_of_record
TN:
SF:src/components/Input/index.tsx
FN:29,(anonymous_0)
FN:41,(anonymous_1)
FN:45,(anonymous_2)
FN:51,(anonymous_3)
FN:52,(anonymous_4)
FN:57,(anonymous_5)
FN:63,(anonymous_6)
FN:67,(anonymous_7)
FN:88,(anonymous_8)
FNF:9
FNH:0
FNDA:0,(anonymous_0)
FNDA:0,(anonymous_1)
FNDA:0,(anonymous_2)
FNDA:0,(anonymous_3)
FNDA:0,(anonymous_4)
FNDA:0,(anonymous_5)
FNDA:0,(anonymous_6)
FNDA:0,(anonymous_7)
FNDA:0,(anonymous_8)
DA:29,1
DA:33,0
DA:35,0
DA:36,0
DA:38,0
DA:39,0
DA:41,0
DA:42,0
DA:45,0
DA:46,0
DA:48,0
DA:51,0
DA:53,0
DA:57,0
DA:58,0
DA:64,0
DA:65,0
DA:68,0
DA:69,0
DA:74,0
DA:89,0
LF:21
LH:1
BRDA:30,0,0,0
BRDA:35,1,0,0
BRDA:79,2,0,0
BRDA:79,2,1,0
BRDA:79,3,0,0
BRDA:79,3,1,0
BRF:6
BRH:0
end_of_record
TN:
SF:src/pages/AppointmentCreated/index.tsx
FN:18,(anonymous_0)
FN:23,(anonymous_1)
FN:30,(anonymous_2)
FNF:3
FNH:0
FNDA:0,(anonymous_0)
FNDA:0,(anonymous_1)
FNDA:0,(anonymous_2)
DA:18,0
DA:19,0
DA:20,0
DA:21,0
DA:23,0
DA:24,0
DA:30,0
DA:31,0
DA:40,0
LF:9
LH:0
BRF:0
BRH:0
end_of_record
TN:
SF:src/pages/CreateAppointment/index.tsx
FN:54,(anonymous_0)
FN:69,(anonymous_1)
FN:70,getProviders
FN:72,(anonymous_3)
FN:81,(anonymous_4)
FN:82,getAvailability
FN:91,(anonymous_6)
FN:100,(anonymous_7)
FN:104,(anonymous_8)
FN:105,(anonymous_9)
FN:109,(anonymous_10)
FN:121,(anonymous_11)
FN:142,(anonymous_12)
FN:144,(anonymous_13)
FN:145,(anonymous_14)
FN:152,(anonymous_15)
FN:154,(anonymous_16)
FN:155,(anonymous_17)
FN:165,(anonymous_18)
FN:179,(anonymous_19)
FN:180,(anonymous_20)
FN:182,(anonymous_21)
FN:227,(anonymous_22)
FN:231,(anonymous_23)
FN:246,(anonymous_24)
FN:250,(anonymous_25)
FNF:26
FNH:0
FNDA:0,(anonymous_0)
FNDA:0,(anonymous_1)
FNDA:0,getProviders
FNDA:0,(anonymous_3)
FNDA:0,(anonymous_4)
FNDA:0,getAvailability
FNDA:0,(anonymous_6)
FNDA:0,(anonymous_7)
FNDA:0,(anonymous_8)
FNDA:0,(anonymous_9)
FNDA:0,(anonymous_10)
FNDA:0,(anonymous_11)
FNDA:0,(anonymous_12)
FNDA:0,(anonymous_13)
FNDA:0,(anonymous_14)
FNDA:0,(anonymous_15)
FNDA:0,(anonymous_16)
FNDA:0,(anonymous_17)
FNDA:0,(anonymous_18)
FNDA:0,(anonymous_19)
FNDA:0,(anonymous_20)
FNDA:0,(anonymous_21)
FNDA:0,(anonymous_22)
FNDA:0,(anonymous_23)
FNDA:0,(anonymous_24)
FNDA:0,(anonymous_25)
DA:54,0
DA:55,0
DA:56,0
DA:57,0
DA:58,0
DA:59,0
DA:60,0
DA:61,0
DA:62,0
DA:63,0
DA:64,0
DA:65,0
DA:69,0
DA:71,0
DA:72,0
DA:74,0
DA:78,0
DA:81,0
DA:83,0
DA:92,0
DA:93,0
DA:97,0
DA:100,0
DA:101,0
DA:104,0
DA:105,0
DA:108,0
DA:110,0
DA:111,0
DA:114,0
DA:115,0
DA:121,0
DA:122,0
DA:123,0
DA:125,0
DA:126,0
DA:128,0
DA:133,0
DA:135,0
DA:142,0
DA:143,0
DA:144,0
DA:145,0
DA:152,0
DA:153,0
DA:154,0
DA:155,0
DA:162,0
DA:165,0
DA:179,0
DA:181,0
DA:183,0
DA:228,0
DA:231,0
DA:247,0
DA:250,0
LF:56
LH:0
BRDA:110,0,0,0
BRDA:110,0,1,0
BRDA:114,1,0,0
BRDA:114,1,1,0
BRDA:189,2,0,0
BRDA:189,2,1,0
BRDA:209,3,0,0
BRDA:209,3,1,0
BRDA:211,4,0,0
BRDA:211,4,1,0
BRDA:213,5,0,0
BRDA:213,5,1,0
BRF:12
BRH:0
end_of_record
TN:
SF:src/pages/Dashboard/index.tsx
FN:34,(anonymous_0)
FN:40,(anonymous_1)
FN:41,getProviders
FN:54,(anonymous_3)
FN:59,(anonymous_4)
FN:82,(anonymous_5)
FN:83,(anonymous_6)
FN:85,(anonymous_7)
FNF:8
FNH:0
FNDA:0,(anonymous_0)
FNDA:0,(anonymous_1)
FNDA:0,getProviders
FNDA:0,(anonymous_3)
FNDA:0,(anonymous_4)
FNDA:0,(anonymous_5)
FNDA:0,(anonymous_6)
FNDA:0,(anonymous_7)
DA:34,0
DA:35,0
DA:36,0
DA:38,0
DA:40,0
DA:42,0
DA:43,0
DA:45,0
DA:47,0
DA:51,0
DA:54,0
DA:55,0
DA:58,0
DA:60,0
DA:65,0
DA:82,0
DA:84,0
DA:85,0
LF:18
LH:0
BRF:0
BRH:0
end_of_record
TN:
SF:src/pages/Profile/index.tsx
FN:41,(anonymous_0)
FN:52,(anonymous_1)
FN:63,(anonymous_2)
FN:69,(anonymous_3)
FN:126,(anonymous_4)
FN:131,(anonymous_5)
FN:166,(anonymous_6)
FN:180,(anonymous_7)
FN:194,(anonymous_8)
FN:205,(anonymous_9)
FN:216,(anonymous_10)
FN:219,(anonymous_11)
FNF:12
FNH:0
FNDA:0,(anonymous_0)
FNDA:0,(anonymous_1)
FNDA:0,(anonymous_2)
FNDA:0,(anonymous_3)
FNDA:0,(anonymous_4)
FNDA:0,(anonymous_5)
FNDA:0,(anonymous_6)
FNDA:0,(anonymous_7)
FNDA:0,(anonymous_8)
FNDA:0,(anonymous_9)
FNDA:0,(anonymous_10)
FNDA:0,(anonymous_11)
DA:41,0
DA:42,0
DA:43,0
DA:44,0
DA:46,0
DA:47,0
DA:48,0
DA:49,0
DA:51,0
DA:53,0
DA:54,0
DA:56,0
DA:63,0
DA:69,0
DA:76,0
DA:86,0
DA:88,0
DA:100,0
DA:102,0
DA:104,0
DA:109,0
DA:110,0
DA:112,0
DA:114,0
DA:117,0
DA:126,0
DA:131,0
DA:132,0
DA:135,0
DA:167,0
DA:181,0
DA:194,0
DA:205,0
DA:216,0
DA:219,0
LF:35
LH:0
BRDA:91,0,0,0
BRDA:91,0,1,0
BRDA:109,1,0,0
BRDA:109,1,1,0
BRDA:139,2,0,0
BRDA:139,2,1,0
BRF:6
BRH:0
end_of_record
TN:
SF:src/pages/SignIn/index.tsx
FN:40,(anonymous_0)
FN:50,(anonymous_1)
FN:126,(anonymous_2)
FN:137,(anonymous_3)
FN:143,(anonymous_4)
FN:151,(anonymous_5)
FN:160,(anonymous_6)
FNF:7
FNH:1
FNDA:1,(anonymous_0)
FNDA:0,(anonymous_1)
FNDA:0,(anonymous_2)
FNDA:0,(anonymous_3)
FNDA:0,(anonymous_4)
FNDA:0,(anonymous_5)
FNDA:0,(anonymous_6)
DA:40,1
DA:41,1
DA:44,0
DA:46,0
DA:47,0
DA:49,0
DA:51,0
DA:52,0
DA:54,0
DA:61,0
DA:65,0
DA:72,0
DA:74,0
DA:75,0
DA:76,0
DA:87,0
DA:90,0
DA:96,0
DA:127,0
DA:138,0
DA:144,0
DA:151,0
DA:160,0
LF:23
LH:2
BRDA:74,0,0,0
BRDA:74,0,1,0
BRDA:100,1,0,0
BRDA:100,1,1,0
BRF:4
BRH:0
end_of_record
TN:
SF:src/pages/SignUp/index.tsx
FN:40,(anonymous_0)
FN:48,(anonymous_1)
FN:130,(anonymous_2)
FN:143,(anonymous_3)
FN:155,(anonymous_4)
FN:161,(anonymous_5)
FN:171,(anonymous_6)
FNF:7
FNH:0
FNDA:0,(anonymous_0)
FNDA:0,(anonymous_1)
FNDA:0,(anonymous_2)
FNDA:0,(anonymous_3)
FNDA:0,(anonymous_4)
FNDA:0,(anonymous_5)
FNDA:0,(anonymous_6)
DA:40,0
DA:41,0
DA:43,0
DA:44,0
DA:45,0
DA:47,0
DA:49,0
DA:52,0
DA:53,0
DA:54,0
DA:65,0
DA:69,0
DA:71,0
DA:76,0
DA:78,0
DA:79,0
DA:80,0
DA:91,0
DA:94,0
DA:96,0
DA:102,0
DA:131,0
DA:144,0
DA:156,0
DA:162,0
DA:171,0
LF:26
LH:0
BRDA:78,0,0,0
BRDA:78,0,1,0
BRDA:106,1,0,0
BRDA:106,1,1,0
BRF:4
BRH:0
end_of_record
